<?xml version="1.0" encoding="UTF-8"?>
<!-- Generated by org.testng.reporters.JUnitXMLReporter -->
<testsuite ignored="0" hostname="Kumars-MacBook-Air.local" failures="0" tests="10" name="Todo API Tests" time="3.987" errors="0" timestamp="2025-03-16T17:41:13 IST">
  <testcase classname="com.apitest.tests.TodoTest" name="testGetAllTodos" time="1.166"/>
  <testcase classname="com.apitest.tests.TodoCreateTest" name="testCreateTodoWithEmptyTitle" time="1.274"/>
  <testcase classname="com.apitest.tests.TodoUpdateTest" name="testUpdateNonExistentTodo" time="0.595"/>
  <testcase classname="com.apitest.tests.TodoTest" name="testGetNonExistentTodo" time="0.481"/>
  <testcase classname="com.apitest.tests.TodoCreateTest" name="testCreateTodoWithMissingRequiredFields" time="0.566"/>
  <testcase classname="com.apitest.tests.TodoTest" name="testGetTodoById" time="0.497"/>
  <testcase classname="com.apitest.tests.TodoCreateTest" name="testCreateTodoWithValidData" time="0.745"/>
  <testcase classname="com.apitest.tests.TodoTest" name="testGetTodosByUserId" time="0.468"/>
  <testcase classname="com.apitest.tests.TodoUpdateTest" name="testUpdateTodoFullUpdate" time="0.588"/>
  <testcase classname="com.apitest.tests.TodoUpdateTest" name="testUpdateTodoWithInvalidData" time="0.56"/>
</testsuite> <!-- Todo API Tests -->
